<?xml version="1.0" encoding="UTF-8"?>
<!-- Generated by org.testng.reporters.JUnitReportReporter -->
<testsuite hostname="khadija" failures="0" tests="5" name="testng.day01.TestNGAnnotationExample" time="0.007" errors="0" timestamp="2024-09-07T10:58:42 IST" skipped="0">
  <testcase classname="testng.day01.TestNGAnnotationExample" name="TestAnnotation2" time="0.001"/>
  <testcase classname="testng.day01.TestNGAnnotationExample" name="sanityHomePageButtonTest" time="0.002"/>
  <testcase classname="testng.day01.TestNGAnnotationExample" name="sanityHomePageLinTest" time="0.001"/>
  <testcase classname="testng.day01.TestNGAnnotationExample" name="TestAnnotation" time="0.002"/>
  <testcase classname="testng.day01.TestNGAnnotationExample" name="TestAnnotation1" time="0.001"/>
</testsuite> <!-- testng.day01.TestNGAnnotationExample -->
