<?xml version="1.0" encoding="UTF-8"?>
<!-- Generated by org.testng.reporters.JUnitReportReporter -->
<testsuite hostname="khadija" failures="0" tests="1" name="browserstack.BrowserStackExample" time="12.368" errors="0" timestamp="2024-09-07T09:24:32 IST" skipped="0">
  <testcase classname="browserstack.BrowserStackExample" name="DemoTest" time="12.368">
    <system-out>
      <![CDATA[Set the desired capability for the browser stack]]>
    </system-out>
  </testcase> <!-- DemoTest -->
  <system-out>
    <![CDATA[Set the desired capability for the browser stack]]>
  </system-out>
</testsuite> <!-- browserstack.BrowserStackExample -->
