<?xml version="1.0" encoding="UTF-8"?>
<!-- Generated by org.testng.reporters.JUnitReportReporter -->
<testsuite hostname="khadija" failures="0" tests="5" name="testng.day01.TestNGExample" time="0.003" errors="0" timestamp="2024-09-07T10:58:42 IST" skipped="1">
  <testcase classname="testng.day01.TestNGExample" name="goToHomeTest" time="0.001"/>
  <testcase classname="testng.day01.TestNGExample" name="goToHomeTest" time="0.001"/>
  <testcase classname="testng.day01.TestNGExample" name="zuttonValueValidation" time="0.001"/>
  <testcase classname="testng.day01.TestNGExample" name="clickOnSearchTest" time="0.000"/>
  <testcase classname="testng.day01.TestNGExample" name="searchTextTest">
    <skipped/>
  </testcase> <!-- searchTextTest -->
</testsuite> <!-- testng.day01.TestNGExample -->
