<?xml version="1.0" encoding="UTF-8"?>
<!-- Generated by org.testng.reporters.JUnitReportReporter -->
<testsuite hostname="khadija" failures="0" tests="11" name="testng.day01.TestNGExample_01" time="0.009" errors="0" timestamp="2024-09-07T10:58:42 IST" skipped="0">
  <testcase classname="testng.day01.TestNGExample_01" name="sanityHomePageButtonTest" time="0.000"/>
  <testcase classname="testng.day01.TestNGExample_01" name="regressionLoginPasswordTest" time="0.001"/>
  <testcase classname="testng.day01.TestNGExample_01" name="sanityHomePageTextTest" time="0.001"/>
  <testcase classname="testng.day01.TestNGExample_01" name="sanityHomePageLinTest" time="0.001"/>
  <testcase classname="testng.day01.TestNGExample_01" name="sanityHomePageTest" time="0.001"/>
  <testcase classname="testng.day01.TestNGExample_01" name="launchApplication" time="0.001"/>
  <testcase classname="testng.day01.TestNGExample_01" name="regressionLoginTest" time="0.000"/>
  <testcase classname="testng.day01.TestNGExample_01" name="LoginTest" time="0.001"/>
  <testcase classname="testng.day01.TestNGExample_01" name="startTest" time="0.000"/>
  <testcase classname="testng.day01.TestNGExample_01" name="regressionLoginConfirmPasswordTest" time="0.002"/>
  <testcase classname="testng.day01.TestNGExample_01" name="HomeLinkTest" time="0.001"/>
</testsuite> <!-- testng.day01.TestNGExample_01 -->
