<?xml version="1.0" encoding="UTF-8"?>
<!-- Generated by org.testng.reporters.JUnitReportReporter -->
<testsuite hostname="khadija" failures="0" tests="1" name="testng.day02.TestNGParameterExample" time="0.001" errors="0" timestamp="2024-09-08T10:37:50 IST" skipped="0">
  <testcase classname="testng.day02.TestNGParameterExample" name="loginTest" time="0.001"/>
</testsuite> <!-- testng.day02.TestNGParameterExample -->
